#
# A fatal error has been detected by the Java Runtime Environment:
#
#  EXCEPTION_ACCESS_VIOLATION (0xc0000005) at pc=0x0000000068bdf783, pid=11028, tid=0x0000000000000e28
#
# JRE version: Java(TM) SE Runtime Environment (8.0_181-b13) (build 1.8.0_181-b13)
# Java VM: Java HotSpot(TM) 64-Bit Server VM (25.181-b13 mixed mode windows-amd64 compressed oops)
# Problematic frame:
# V  [jvm.dll+0xff783]
#
# Failed to write core dump. Minidumps are not enabled by default on client versions of Windows
#
# If you would like to submit a bug report, please visit:
#   http://bugreport.java.com/bugreport/crash.jsp
#

---------------  T H R E A D  ---------------

Current thread (0x0000000019947800):  VMThread [stack: 0x000000001a9e0000,0x000000001aae0000] [id=3624]

siginfo: ExceptionCode=0xc0000005, reading address 0x000000006a2ee0a1

Registers:
RAX=0x00000000000000ff, RBX=0x000000001aadf3d0, RCX=0x0000000019947c40, RDX=0x0000000000000002
RSP=0x000000001aadf360, RBP=0x0000000019410c61, RSI=0x0000000001010101, RDI=0x00000000000000ff
R8 =0x00000000199452a0, R9 =0x0000000000000003, R10=0x0000000000000003, R11=0x0000000019410c61
R12=0x0000000068ae0000, R13=0x000000001aadf3b0, R14=0x0000000000000000, R15=0x0000000000000000
RIP=0x0000000068bdf783, EFLAGS=0x0000000000010206

Top of Stack: (sp=0x000000001aadf360)
0x000000001aadf360:   000000001aadf3d0 000000001aadf3f9
0x000000001aadf370:   000000001aadf3b0 000000001aadf3b0
0x000000001aadf380:   0000000019413718 0000000068cb5f43
0x000000001aadf390:   000000001aadf3f9 000000001aadf3c0
0x000000001aadf3a0:   00000000000000b6 000000001aadf3b0
0x000000001aadf3b0:   0000000019413718 0000000019947800
0x000000001aadf3c0:   0000000019413718 0000000019947800
0x000000001aadf3d0:   0000000019410ca0 0000000019947800
0x000000001aadf3e0:   0000004900000049 000000b60000004a
0x000000001aadf3f0:   0000000002a20000 00000000000000b6
0x000000001aadf400:   0000000019413718 0000000019947800
0x000000001aadf410:   0000004900000046 000000b60000004a
0x000000001aadf420:   0000000019940000 00000000000000b6
0x000000001aadf430:   00000000198557d8 0000000000000008
0x000000001aadf440:   0000000000000000 0000000000000001
0x000000001aadf450:   0000000019410ca0 0000000068ca38f4 

Instructions: (pc=0x0000000068bdf783)
0x0000000068bdf763:   0d 48 8b 0b 48 8b d0 e8 51 2e fb ff 8b f8 4c 8d
0x0000000068bdf773:   25 88 08 f0 ff 48 63 c7 49 63 b4 84 f0 db 7f 00
0x0000000068bdf783:   42 0f b6 8c 26 a0 df 7f 00 83 e1 0f 75 3d 44 0f
0x0000000068bdf793:   b6 4d 00 41 81 f9 ca 00 00 00 75 0e 48 8b 0b 48 


Register to memory mapping:

RAX=0x00000000000000ff is an unknown value
RBX=0x000000001aadf3d0 is an unknown value
RCX=0x0000000019947c40 is an unknown value
RDX=0x0000000000000002 is an unknown value
RSP=0x000000001aadf360 is an unknown value
RBP=0x0000000019410c61 is pointing into metadata
RSI=0x0000000001010101 is an unknown value
RDI=0x00000000000000ff is an unknown value
R8 =0x00000000199452a0 is an unknown value
R9 =0x0000000000000003 is an unknown value
R10=0x0000000000000003 is an unknown value
R11=0x0000000019410c61 is pointing into metadata
R12=0x0000000068ae0000 is an unknown value
R13=0x000000001aadf3b0 is an unknown value
R14=0x0000000000000000 is an unknown value
R15=0x0000000000000000 is an unknown value


Stack: [0x000000001a9e0000,0x000000001aae0000],  sp=0x000000001aadf360,  free space=1020k
Native frames: (J=compiled Java code, j=interpreted, Vv=VM code, C=native code)
V  [jvm.dll+0xff783]
V  [jvm.dll+0x1d5f43]
V  [jvm.dll+0x1c38f4]
V  [jvm.dll+0x1c8a87]
V  [jvm.dll+0x1c8ffb]
V  [jvm.dll+0x24cc27]
V  [jvm.dll+0x24bec6]
V  [jvm.dll+0x24c361]
V  [jvm.dll+0x24c57e]
V  [jvm.dll+0x29e64a]
C  [msvcr100.dll+0x21d9f]
C  [msvcr100.dll+0x21e3b]
C  [KERNEL32.DLL+0x8364]
C  [ntdll.dll+0x670b1]

VM_Operation (0x000000001b0cf010): RedefineClasses, mode: safepoint, requested by thread 0x000000001998f000, redefining class Analyzer.CharFrequencyAnalyzer



---------------  P R O C E S S  ---------------

Java Threads: ( => current thread )
  0x000000001b44e800 JavaThread "Service Thread" daemon [_thread_blocked, id=16012, stack(0x000000001b9d0000,0x000000001bad0000)]
  0x000000001b356800 JavaThread "C1 CompilerThread2" daemon [_thread_blocked, id=17196, stack(0x000000001b8d0000,0x000000001b9d0000)]
  0x000000001b356000 JavaThread "C2 CompilerThread1" daemon [_thread_blocked, id=1108, stack(0x000000001b7d0000,0x000000001b8d0000)]
  0x000000001b353800 JavaThread "C2 CompilerThread0" daemon [_thread_blocked, id=14572, stack(0x000000001b6d0000,0x000000001b7d0000)]
  0x00000000199a2800 JavaThread "JDWP Command Reader" daemon [_thread_in_native, id=9160, stack(0x000000001b1d0000,0x000000001b2d0000)]
  0x000000001999c000 JavaThread "JDWP Event Helper Thread" daemon [_thread_blocked, id=15044, stack(0x000000001b0d0000,0x000000001b1d0000)]
  0x000000001998f000 JavaThread "JDWP Transport Listener: dt_socket" daemon [_thread_blocked, id=17992, stack(0x000000001afd0000,0x000000001b0d0000)]
  0x0000000019988800 JavaThread "Attach Listener" daemon [_thread_blocked, id=2792, stack(0x000000001aed0000,0x000000001afd0000)]
  0x0000000019987000 JavaThread "Signal Dispatcher" daemon [_thread_blocked, id=17980, stack(0x000000001add0000,0x000000001aed0000)]
  0x0000000019969000 JavaThread "Finalizer" daemon [_thread_blocked, id=15368, stack(0x000000001abe0000,0x000000001ace0000)]
  0x00000000028f4000 JavaThread "Reference Handler" daemon [_thread_blocked, id=13832, stack(0x000000001aae0000,0x000000001abe0000)]
  0x0000000002803800 JavaThread "main" [_thread_blocked, id=6504, stack(0x0000000002490000,0x0000000002590000)]

Other Threads:
=>0x0000000019947800 VMThread [stack: 0x000000001a9e0000,0x000000001aae0000] [id=3624]
  0x000000001b452000 WatcherThread [stack: 0x000000001bad0000,0x000000001bbd0000] [id=4304]

VM state:at safepoint (normal execution)

VM Mutex/Monitor currently owned by a thread:  ([mutex/lock_event])
[0x0000000002800dd0] Threads_lock - owner thread: 0x0000000019947800

Heap:
 PSYoungGen      total 57344K, used 7874K [0x0000000780980000, 0x0000000784980000, 0x00000007c0000000)
  eden space 49152K, 16% used [0x0000000780980000,0x00000007811309a8,0x0000000783980000)
  from space 8192K, 0% used [0x0000000784180000,0x0000000784180000,0x0000000784980000)
  to   space 8192K, 0% used [0x0000000783980000,0x0000000783980000,0x0000000784180000)
 ParOldGen       total 131072K, used 0K [0x0000000701c00000, 0x0000000709c00000, 0x0000000780980000)
  object space 131072K, 0% used [0x0000000701c00000,0x0000000701c00000,0x0000000709c00000)
 Metaspace       used 4360K, capacity 4910K, committed 4992K, reserved 1056768K
  class space    used 507K, capacity 577K, committed 640K, reserved 1048576K

Card table byte_map: [0x0000000011cc0000,0x00000000122c0000] byte_map_base: 0x000000000e4b2000

Marking Bits: (ParMarkBitMap*) 0x0000000069302d00
 Begin Bits: [0x0000000012ac0000, 0x0000000015a50000)
 End Bits:   [0x0000000015a50000, 0x00000000189e0000)

Polling page: 0x0000000000b40000

CodeCache: size=245760Kb used=1176Kb max_used=1176Kb free=244583Kb
 bounds [0x0000000002900000, 0x0000000002b70000, 0x0000000011900000]
 total_blobs=357 nmethods=91 adapters=187
 compilation: enabled

Compilation events (10 events):
Event: 842.420 Thread 0x000000001b356800   87       3       com.intellij.rt.debugger.agent.CaptureAgent::getNotNull (12 bytes)
Event: 842.420 Thread 0x000000001b356800 nmethod 87 0x0000000002a24f10 code [0x0000000002a25080, 0x0000000002a25270]
Event: 842.420 Thread 0x000000001b356800   88       3       java.util.Collections::emptyList (4 bytes)
Event: 842.420 Thread 0x000000001b356800 nmethod 88 0x0000000002a25310 code [0x0000000002a25460, 0x0000000002a25590]
Event: 842.420 Thread 0x000000001b356800   89       1       java.util.Collections$EmptyList::isEmpty (2 bytes)
Event: 842.421 Thread 0x000000001b356800 nmethod 89 0x0000000002a25610 code [0x0000000002a25760, 0x0000000002a25870]
Event: 1010.711 Thread 0x000000001b356800   90       3       java.lang.ref.Reference::<init> (7 bytes)
Event: 1010.711 Thread 0x000000001b356800 nmethod 90 0x0000000002a258d0 code [0x0000000002a25a40, 0x0000000002a25cd0]
Event: 1010.711 Thread 0x000000001b356800   91       3       java.util.HashMap::get (23 bytes)
Event: 1010.711 Thread 0x000000001b356800 nmethod 91 0x0000000002a25dd0 code [0x0000000002a25f60, 0x0000000002a26378]

GC Heap History (0 events):
No events

Deoptimization events (0 events):
No events

Classes redefined (4 events):
Event: 58.989 Thread 0x0000000019947800 redefined class name=Analyzer.CharFrequencyAnalyzer, count=1
Event: 830.425 Thread 0x0000000019947800 redefined class name=Analyzer.CharFrequencyAnalyzer, count=2
Event: 842.421 Thread 0x0000000019947800 redefined class name=Analyzer.CharFrequencyAnalyzer, count=3
Event: 897.325 Thread 0x0000000019947800 redefined class name=Analyzer.CharFrequencyAnalyzer, count=4

Internal exceptions (5 events):
Event: 0.047 Thread 0x0000000002803800 Exception <a 'java/lang/NoSuchMethodError': Method sun.misc.Unsafe.defineClass(Ljava/lang/String;[BII)Ljava/lang/Class; name or signature does not match> (0x0000000780987cb0) thrown at [C:\re\workspace\8-2-build-windows-amd64-cygwin\jdk8u181\11358\hotspot
Event: 0.047 Thread 0x0000000002803800 Exception <a 'java/lang/NoSuchMethodError': Method sun.misc.Unsafe.prefetchRead(Ljava/lang/Object;J)V name or signature does not match> (0x0000000780987f98) thrown at [C:\re\workspace\8-2-build-windows-amd64-cygwin\jdk8u181\11358\hotspot\src\share\vm\prim
Event: 2.419 Thread 0x0000000002803800 Exception <a 'java/lang/NoSuchMethodError': java.lang.Object.lambda$chars$0()Ljava/util/Spliterator$OfInt;> (0x0000000780e72598) thrown at [C:\re\workspace\8-2-build-windows-amd64-cygwin\jdk8u181\11358\hotspot\src\share\vm\interpreter\linkResolver.cpp, li
Event: 2.510 Thread 0x0000000002803800 Exception <a 'java/lang/NoSuchFieldError': method resolution failed> (0x0000000780efc1f8) thrown at [C:\re\workspace\8-2-build-windows-amd64-cygwin\jdk8u181\11358\hotspot\src\share\vm\prims\methodHandles.cpp, line 1167]
Event: 2.519 Thread 0x0000000002803800 Exception <a 'java/lang/NoSuchFieldError': method resolution failed> (0x0000000780f0ab48) thrown at [C:\re\workspace\8-2-build-windows-amd64-cygwin\jdk8u181\11358\hotspot\src\share\vm\prims\methodHandles.cpp, line 1167]

Events (10 events):
Event: 897.417 Executing VM operation: ForceSafepoint done
Event: 1010.708 Executing VM operation: ChangeBreakpoints
Event: 1010.708 Executing VM operation: ChangeBreakpoints done
Event: 1010.708 Executing VM operation: ChangeBreakpoints
Event: 1010.708 Executing VM operation: ChangeBreakpoints done
Event: 1010.708 Executing VM operation: ChangeBreakpoints
Event: 1010.708 Executing VM operation: ChangeBreakpoints done
Event: 1010.708 Executing VM operation: ChangeBreakpoints
Event: 1010.708 Executing VM operation: ChangeBreakpoints done
Event: 1010.712 Executing VM operation: RedefineClasses


Dynamic libraries:
0x00007ff66ffe0000 - 0x00007ff670017000 	C:\Program Files\Java\jdk1.8.0_181\bin\java.exe
0x00007ffce6aa0000 - 0x00007ffce6c72000 	C:\Windows\SYSTEM32\ntdll.dll
0x00007ffce6690000 - 0x00007ffce673c000 	C:\Windows\System32\KERNEL32.DLL
0x00007ffcc2800000 - 0x00007ffcc2834000 	C:\Program Files\AVAST Software\Avast\x64\aswhooka.dll
0x00007ffce2fa0000 - 0x00007ffce31bd000 	C:\Windows\System32\KERNELBASE.dll
0x00007ffce6750000 - 0x00007ffce67f2000 	C:\Windows\System32\ADVAPI32.dll
0x00007ffce4460000 - 0x00007ffce44fe000 	C:\Windows\System32\msvcrt.dll
0x00007ffce65f0000 - 0x00007ffce6649000 	C:\Windows\System32\sechost.dll
0x00007ffce4500000 - 0x00007ffce4621000 	C:\Windows\System32\RPCRT4.dll
0x00007ffce6870000 - 0x00007ffce69d5000 	C:\Windows\System32\USER32.dll
0x00007ffce3930000 - 0x00007ffce394e000 	C:\Windows\System32\win32u.dll
0x00007ffce6650000 - 0x00007ffce6684000 	C:\Windows\System32\GDI32.dll
0x00007ffce31c0000 - 0x00007ffce3340000 	C:\Windows\System32\gdi32full.dll
0x00007ffcddf50000 - 0x00007ffcde1ca000 	C:\Windows\WinSxS\amd64_microsoft.windows.common-controls_6595b64144ccf1df_6.0.14393.2248_none_7ddece3683436ba6\COMCTL32.dll
0x00007ffce48a0000 - 0x00007ffce4b68000 	C:\Windows\System32\combase.dll
0x00007ffce3500000 - 0x00007ffce35f5000 	C:\Windows\System32\ucrtbase.dll
0x00007ffce38c0000 - 0x00007ffce392a000 	C:\Windows\System32\bcryptPrimitives.dll
0x00007ffce42c0000 - 0x00007ffce42ee000 	C:\Windows\System32\IMM32.DLL
0x0000000069390000 - 0x0000000069462000 	C:\Program Files\Java\jdk1.8.0_181\jre\bin\msvcr100.dll
0x0000000068ae0000 - 0x0000000069382000 	C:\Program Files\Java\jdk1.8.0_181\jre\bin\server\jvm.dll
0x00007ffce6740000 - 0x00007ffce6748000 	C:\Windows\System32\PSAPI.DLL
0x00007ffce0380000 - 0x00007ffce0389000 	C:\Windows\SYSTEM32\WSOCK32.dll
0x00007ffce4250000 - 0x00007ffce42ba000 	C:\Windows\System32\WS2_32.dll
0x00007ffce0cc0000 - 0x00007ffce0ce3000 	C:\Windows\SYSTEM32\WINMM.dll
0x00007ffcde1d0000 - 0x00007ffcde1da000 	C:\Windows\SYSTEM32\VERSION.dll
0x00007ffce0c90000 - 0x00007ffce0cbb000 	C:\Windows\SYSTEM32\WINMMBASE.dll
0x00007ffce3600000 - 0x00007ffce3642000 	C:\Windows\System32\cfgmgr32.dll
0x0000000068ad0000 - 0x0000000068adf000 	C:\Program Files\Java\jdk1.8.0_181\jre\bin\verify.dll
0x0000000068aa0000 - 0x0000000068ac9000 	C:\Program Files\Java\jdk1.8.0_181\jre\bin\java.dll
0x0000000068970000 - 0x00000000689a5000 	C:\Program Files\Java\jdk1.8.0_181\jre\bin\jdwp.dll
0x0000000068a50000 - 0x0000000068a58000 	C:\Program Files\Java\jdk1.8.0_181\jre\bin\npt.dll
0x00000000689b0000 - 0x00000000689d3000 	C:\Program Files\Java\jdk1.8.0_181\jre\bin\instrument.dll
0x0000000068a80000 - 0x0000000068a96000 	C:\Program Files\Java\jdk1.8.0_181\jre\bin\zip.dll
0x00007ffce50e0000 - 0x00007ffce65e9000 	C:\Windows\System32\SHELL32.dll
0x00007ffce3950000 - 0x00007ffce4029000 	C:\Windows\System32\windows.storage.dll
0x00007ffce2f20000 - 0x00007ffce2f6c000 	C:\Windows\System32\powrprof.dll
0x00007ffce42f0000 - 0x00007ffce4342000 	C:\Windows\System32\shlwapi.dll
0x00007ffce2f70000 - 0x00007ffce2f7f000 	C:\Windows\System32\kernel.appcore.dll
0x00007ffce33a0000 - 0x00007ffce3449000 	C:\Windows\System32\shcore.dll
0x00007ffce2f80000 - 0x00007ffce2f94000 	C:\Windows\System32\profapi.dll
0x0000000068960000 - 0x0000000068969000 	C:\Program Files\Java\jdk1.8.0_181\jre\bin\dt_socket.dll
0x00007ffce27e0000 - 0x00007ffce283c000 	C:\Windows\system32\mswsock.dll
0x00007ffce0030000 - 0x00007ffce01c2000 	C:\Windows\SYSTEM32\dbghelp.dll

VM Arguments:
jvm_args: -agentlib:jdwp=transport=dt_socket,address=127.0.0.1:51854,suspend=y,server=n -javaagent:C:\Users\AguRok\.IdeaIC2018.2\system\groovyHotSwap\gragent.jar -javaagent:C:\Users\AguRok\.IdeaIC2018.2\system\captureAgent\debugger-agent.jar=file:/C:/Users/AguRok/AppData/Local/Temp/capture.props -Dfile.encoding=UTF-8 
java_command: Analyzer.CharFrequencyAnalyzer
java_class_path (initial): C:\Program Files\Java\jdk1.8.0_181\jre\lib\charsets.jar;C:\Program Files\Java\jdk1.8.0_181\jre\lib\deploy.jar;C:\Program Files\Java\jdk1.8.0_181\jre\lib\ext\access-bridge-64.jar;C:\Program Files\Java\jdk1.8.0_181\jre\lib\ext\cldrdata.jar;C:\Program Files\Java\jdk1.8.0_181\jre\lib\ext\dnsns.jar;C:\Program Files\Java\jdk1.8.0_181\jre\lib\ext\jaccess.jar;C:\Program Files\Java\jdk1.8.0_181\jre\lib\ext\jfxrt.jar;C:\Program Files\Java\jdk1.8.0_181\jre\lib\ext\localedata.jar;C:\Program Files\Java\jdk1.8.0_181\jre\lib\ext\nashorn.jar;C:\Program Files\Java\jdk1.8.0_181\jre\lib\ext\sunec.jar;C:\Program Files\Java\jdk1.8.0_181\jre\lib\ext\sunjce_provider.jar;C:\Program Files\Java\jdk1.8.0_181\jre\lib\ext\sunmscapi.jar;C:\Program Files\Java\jdk1.8.0_181\jre\lib\ext\sunpkcs11.jar;C:\Program Files\Java\jdk1.8.0_181\jre\lib\ext\zipfs.jar;C:\Program Files\Java\jdk1.8.0_181\jre\lib\javaws.jar;C:\Program Files\Java\jdk1.8.0_181\jre\lib\jce.jar;C:\Program Files\Java\jdk1.8.0_181\jre\lib\jfr.jar;C:\Program Files\Java\jdk1.8.0_181\jre\lib\jfxswt.jar;C:\Program Files\Java\jdk1.8.0_181\jre\lib\jsse.jar;C:\Program Files\Java\jdk1.8.0_181\jre\lib\management-agent.jar;C:\Program Files\Java\jdk1.8.0_181\jre\lib\plugin.jar;C:\Program Files\Java\jdk1.8.0_181\jre\lib\resources.jar;C:\Program Files\Java\jdk1.8.0_181\jre\lib\rt.jar;C:\Users\AguRok\IdeaProjects\TextAnalizer\out\production\classes;C:\Program Files\JetBrains\IntelliJ IDEA Community Edition 2018.2.4\lib\idea_rt.jar;C:\Users\AguRok\.IdeaIC2018.2\system\groovyHotSwap\gragent.jar;C:\Users\AguRok\.IdeaIC2018.2\system\captureAgent\debugger-agent.jar
Launcher Type: SUN_STANDARD

Environment Variables:
JAVA_HOME=C:\Program Files\Java\jdk1.8.0_181
JRE_HOME=C:\Program Files\Java\jdk1.8.0_181\jre
CLASSPATH=.;C:\Program Files\Java\jdk1.8.0_181\lib;C:\Program Files\Java\jdk1.8.0_181\jre\lib
PATH=C:\Program Files (x86)\Intel\iCLS Client\;C:\Program Files\Intel\iCLS Client\;C:\Windows\system32;C:\Windows;C:\Windows\System32\Wbem;C:\Windows\System32\WindowsPowerShell\v1.0\;C:\Program Files (x86)\Intel\Intel(R) Management Engine Components\DAL;C:\Program Files\Intel\Intel(R) Management Engine Components\DAL;C:\Program Files (x86)\Intel\Intel(R) Management Engine Components\IPT;C:\Program Files\Intel\Intel(R) Management Engine Components\IPT;C:\Program Files (x86)\NVIDIA Corporation\PhysX\Common;C:\Program Files\Java\jdk1.8.0_181\bin;C:\Program Files\Git\cmd;C:\Program Files\Git\mingw64\bin;C:\Program Files\Git\usr\bin;your-unique-entries;C:\Program Files\Java\jdk1.8.0_181\bin
USERNAME=AguRok
OS=Windows_NT
PROCESSOR_IDENTIFIER=Intel64 Family 6 Model 142 Stepping 9, GenuineIntel



---------------  S Y S T E M  ---------------

OS: Windows 10.0 , 64 bit Build 14393 (10.0.14393.2214)

CPU:total 4 (initial active 4) (2 cores per cpu, 2 threads per core) family 6 model 142 stepping 9, cmov, cx8, fxsr, mmx, sse, sse2, sse3, ssse3, sse4.1, sse4.2, popcnt, avx, avx2, aes, clmul, erms, 3dnowpref, lzcnt, ht, tsc, tscinvbit, bmi1, bmi2, adx

Memory: 4k page, physical 12460580k(5517612k free), swap 18196688k(7908804k free)

vm_info: Java HotSpot(TM) 64-Bit Server VM (25.181-b13) for windows-amd64 JRE (1.8.0_181-b13), built on Jul  7 2018 04:01:33 by "java_re" with MS VC++ 10.0 (VS2010)

time: Sat Dec 15 10:46:49 2018
elapsed time: 1010 seconds (0d 0h 16m 50s)

